<?xml version="1.0" encoding="UTF-8"?>
<!-- Generated by org.testng.reporters.JUnitXMLReporter -->
<testsuite hostname="mgs" name="Default test" tests="2" failures="0" timestamp="28 Dec 2015 19:32:25 GMT" time="12.003" errors="0">
  <testcase name="testMethodA" time="0.0" classname="parameters.ParameterByITestContextInDataprovider">
    <skipped/>
  </testcase> <!-- testMethodA -->
  <testcase name="testMethodB" time="0.0" classname="parameters.ParameterByITestContextInDataprovider">
    <skipped/>
  </testcase> <!-- testMethodB -->
</testsuite> <!-- Default test -->
