<?xml version="1.0" encoding="UTF-8"?>
<testng-results skipped="2" failed="0" total="2" passed="0">
  <reporter-output>
  </reporter-output>
  <suite name="Default suite" duration-ms="12003" started-at="2015-12-28T19:32:13Z" finished-at="2015-12-28T19:32:25Z">
    <groups>
      <group name="A">
        <method signature="ParameterByITestContextInDataprovider.testMethodA(java.lang.String, java.lang.String)[pri:0, instance:parameters.ParameterByITestContextInDataprovider@1df28bb]" name="testMethodA" class="parameters.ParameterByITestContextInDataprovider"/>
      </group> <!-- A -->
      <group name="B">
        <method signature="ParameterByITestContextInDataprovider.testMethodB(java.lang.String)[pri:0, instance:parameters.ParameterByITestContextInDataprovider@1df28bb]" name="testMethodB" class="parameters.ParameterByITestContextInDataprovider"/>
      </group> <!-- B -->
    </groups>
    <test name="Default test" duration-ms="12003" started-at="2015-12-28T19:32:13Z" finished-at="2015-12-28T19:32:25Z">
      <class name="parameters.ParameterByITestContextInDataprovider">
        <test-method status="PASS" signature="setup()[pri:0, instance:parameters.ParameterByITestContextInDataprovider@1df28bb]" name="setup" is-config="true" duration-ms="11960" started-at="2015-12-28T14:32:13Z" finished-at="2015-12-28T14:32:25Z">
          <reporter-output>
          </reporter-output>
        </test-method> <!-- setup -->
        <test-method status="SKIP" signature="testMethodA(java.lang.String, java.lang.String)[pri:0, instance:parameters.ParameterByITestContextInDataprovider@1df28bb]" name="testMethodA" duration-ms="0" started-at="2015-12-28T14:32:25Z" data-provider="SearchProvider" finished-at="2015-12-28T14:32:25Z">
          <exception class="java.lang.NullPointerException">
            <full-stacktrace>
              <![CDATA[java.lang.NullPointerException
	at org.testng.internal.MethodInvocationHelper.invokeDataProvider(MethodInvocationHelper.java:150)
	at org.testng.internal.Parameters.handleParameters(Parameters.java:430)
	at org.testng.internal.Invoker.handleParameters(Invoker.java:1276)
	at org.testng.internal.Invoker.createParameters(Invoker.java:992)
	at org.testng.internal.Invoker.invokeTestMethods(Invoker.java:1082)
	at org.testng.internal.TestMethodWorker.invokeTestMethods(TestMethodWorker.java:124)
	at org.testng.internal.TestMethodWorker.run(TestMethodWorker.java:108)
	at org.testng.TestRunner.privateRun(TestRunner.java:773)
	at org.testng.TestRunner.run(TestRunner.java:623)
	at org.testng.SuiteRunner.runTest(SuiteRunner.java:357)
	at org.testng.SuiteRunner.runSequentially(SuiteRunner.java:352)
	at org.testng.SuiteRunner.privateRun(SuiteRunner.java:310)
	at org.testng.SuiteRunner.run(SuiteRunner.java:259)
	at org.testng.SuiteRunnerWorker.runSuite(SuiteRunnerWorker.java:52)
	at org.testng.SuiteRunnerWorker.run(SuiteRunnerWorker.java:86)
	at org.testng.TestNG.runSuitesSequentially(TestNG.java:1185)
	at org.testng.TestNG.runSuitesLocally(TestNG.java:1110)
	at org.testng.TestNG.run(TestNG.java:1018)
	at org.testng.remote.RemoteTestNG.run(RemoteTestNG.java:111)
	at org.testng.remote.RemoteTestNG.initAndRun(RemoteTestNG.java:204)
	at org.testng.remote.RemoteTestNG.main(RemoteTestNG.java:175)
]]>
            </full-stacktrace>
          </exception> <!-- java.lang.NullPointerException -->
          <reporter-output>
          </reporter-output>
        </test-method> <!-- testMethodA -->
        <test-method status="SKIP" signature="testMethodB(java.lang.String)[pri:0, instance:parameters.ParameterByITestContextInDataprovider@1df28bb]" name="testMethodB" duration-ms="0" started-at="2015-12-28T14:32:25Z" data-provider="SearchProvider" finished-at="2015-12-28T14:32:25Z">
          <exception class="java.lang.NullPointerException">
            <full-stacktrace>
              <![CDATA[java.lang.NullPointerException
	at org.testng.internal.MethodInvocationHelper.invokeDataProvider(MethodInvocationHelper.java:150)
	at org.testng.internal.Parameters.handleParameters(Parameters.java:430)
	at org.testng.internal.Invoker.handleParameters(Invoker.java:1276)
	at org.testng.internal.Invoker.createParameters(Invoker.java:992)
	at org.testng.internal.Invoker.invokeTestMethods(Invoker.java:1082)
	at org.testng.internal.TestMethodWorker.invokeTestMethods(TestMethodWorker.java:124)
	at org.testng.internal.TestMethodWorker.run(TestMethodWorker.java:108)
	at org.testng.TestRunner.privateRun(TestRunner.java:773)
	at org.testng.TestRunner.run(TestRunner.java:623)
	at org.testng.SuiteRunner.runTest(SuiteRunner.java:357)
	at org.testng.SuiteRunner.runSequentially(SuiteRunner.java:352)
	at org.testng.SuiteRunner.privateRun(SuiteRunner.java:310)
	at org.testng.SuiteRunner.run(SuiteRunner.java:259)
	at org.testng.SuiteRunnerWorker.runSuite(SuiteRunnerWorker.java:52)
	at org.testng.SuiteRunnerWorker.run(SuiteRunnerWorker.java:86)
	at org.testng.TestNG.runSuitesSequentially(TestNG.java:1185)
	at org.testng.TestNG.runSuitesLocally(TestNG.java:1110)
	at org.testng.TestNG.run(TestNG.java:1018)
	at org.testng.remote.RemoteTestNG.run(RemoteTestNG.java:111)
	at org.testng.remote.RemoteTestNG.initAndRun(RemoteTestNG.java:204)
	at org.testng.remote.RemoteTestNG.main(RemoteTestNG.java:175)
]]>
            </full-stacktrace>
          </exception> <!-- java.lang.NullPointerException -->
          <reporter-output>
          </reporter-output>
        </test-method> <!-- testMethodB -->
      </class> <!-- parameters.ParameterByITestContextInDataprovider -->
    </test> <!-- Default test -->
  </suite> <!-- Default suite -->
</testng-results>
